// Validating benchmarks:
// ***** BenchmarkRunner: Start   *****
// ***** Found 1 benchmark(s) in total *****
// ***** Building 1 exe(s) in Parallel: Start   *****
// start dotnet restore  /p:UseSharedCompilation=false /p:BuildInParallel=false /m:1 in /home/nikita/RiderProjects/CollectionsBenchmark/CollectionsBenchmark/bin/Release/netcoreapp3.1/14f80d0e-ee9f-44be-89f0-5b21465aa42b
// command took 1.49s and exited with 0
// start dotnet build -c Release  --no-restore /p:UseSharedCompilation=false /p:BuildInParallel=false /m:1 in /home/nikita/RiderProjects/CollectionsBenchmark/CollectionsBenchmark/bin/Release/netcoreapp3.1/14f80d0e-ee9f-44be-89f0-5b21465aa42b
// command took 2.01s and exited with 0
// ***** Done, took 00:00:03 (3.69 sec)   *****
// Found 1 benchmarks:
//   GetMostActiveVisistors.NestedLoop: DefaultJob

// **************************
// Benchmark: GetMostActiveVisistors.NestedLoop: DefaultJob
// *** Execute ***
// Launch: 1 / 1
// Execute: dotnet "14f80d0e-ee9f-44be-89f0-5b21465aa42b.dll" --benchmarkName "CollectionsBenchmark.GetMostActiveVisistors.NestedLoop" --job "Default" --benchmarkId 0 in /home/nikita/RiderProjects/CollectionsBenchmark/CollectionsBenchmark/bin/Release/netcoreapp3.1/14f80d0e-ee9f-44be-89f0-5b21465aa42b/bin/Release/netcoreapp3.1
Failed to set up high priority. Make sure you have the right permissions. Message: Permission denied
// BeforeAnythingElse

System.Reflection.TargetInvocationException: Exception has been thrown by the target of an invocation.
 ---> System.ArgumentOutOfRangeException: Index was out of range. Must be non-negative and less than the size of the collection. (Parameter 'index')
   at CollectionsBenchmark.GetMostActiveVisistors..ctor() in /home/nikita/RiderProjects/CollectionsBenchmark/CollectionsBenchmark/Program.cs:line 37
   at BenchmarkDotNet.Autogenerated.Runnable_0..ctor() in /home/nikita/RiderProjects/CollectionsBenchmark/CollectionsBenchmark/bin/Release/netcoreapp3.1/14f80d0e-ee9f-44be-89f0-5b21465aa42b/14f80d0e-ee9f-44be-89f0-5b21465aa42b.notcs:line 179
   at BenchmarkDotNet.Autogenerated.Runnable_0.Run(IHost host, String benchmarkName) in /home/nikita/RiderProjects/CollectionsBenchmark/CollectionsBenchmark/bin/Release/netcoreapp3.1/14f80d0e-ee9f-44be-89f0-5b21465aa42b/14f80d0e-ee9f-44be-89f0-5b21465aa42b.notcs:line 128
   --- End of inner exception stack trace ---
   at System.RuntimeMethodHandle.InvokeMethod(Object target, Object[] arguments, Signature sig, Boolean constructor, Boolean wrapExceptions)
   at System.Reflection.RuntimeMethodInfo.Invoke(Object obj, BindingFlags invokeAttr, Binder binder, Object[] parameters, CultureInfo culture)
   at System.Reflection.MethodBase.Invoke(Object obj, Object[] parameters)
   at BenchmarkDotNet.Autogenerated.UniqueProgramName.AfterAssemblyLoadingAttached(String[] args) in /home/nikita/RiderProjects/CollectionsBenchmark/CollectionsBenchmark/bin/Release/netcoreapp3.1/14f80d0e-ee9f-44be-89f0-5b21465aa42b/14f80d0e-ee9f-44be-89f0-5b21465aa42b.notcs:line 49
// AfterAll
ExitCode != 0
// Benchmark Process 6081 has exited with code 255
No more Benchmark runs will be launched as NO measurements were obtained from the previous run!


// ***** BenchmarkRunner: Finish  *****

// * Export *
  BenchmarkDotNet.Artifacts/results/CollectionsBenchmark.GetMostActiveVisistors-report.csv
  BenchmarkDotNet.Artifacts/results/CollectionsBenchmark.GetMostActiveVisistors-report-github.md
  BenchmarkDotNet.Artifacts/results/CollectionsBenchmark.GetMostActiveVisistors-report.html

// * Detailed results *
GetMostActiveVisistors.NestedLoop: DefaultJob
Runtime = ; GC = 
There are not any results runs

// * Summary *

BenchmarkDotNet=v0.12.1, OS=ubuntu 20.04
Intel Core i5-6500 CPU 3.20GHz (Skylake), 1 CPU, 4 logical and 4 physical cores
.NET Core SDK=3.1.403
  [Host] : .NET Core 3.1.9 (CoreCLR 4.700.20.47201, CoreFX 4.700.20.47203), X64 RyuJIT


|     Method | Mean | Error |
|----------- |-----:|------:|
| NestedLoop |   NA |    NA |

Benchmarks with issues:
  GetMostActiveVisistors.NestedLoop: DefaultJob

// * Legends *
  Mean  : Arithmetic mean of all measurements
  Error : Half of 99.9% confidence interval
  1 ns  : 1 Nanosecond (0.000000001 sec)

// ***** BenchmarkRunner: End *****
// ** Remained 0 benchmark(s) to run **
Run time: 00:00:00 (0.3 sec), executed benchmarks: 1

Global total time: 00:00:03 (3.99 sec), executed benchmarks: 1
// * Artifacts cleanup *
